<?xml version="1.0" encoding="UTF-8"?>
<!-- Generated by org.testng.reporters.JUnitReportReporter -->
<testsuite hostname="DESKTOP-JML09CM" failures="0" tests="3" name="testing.One" time="0.028" errors="0" timestamp="2025-06-18T14:31:43 IST" skipped="0">
  <testcase classname="testing.One" name="m2" time="0.005">
    <system-out>
      <![CDATA[M2 is running]]>
    </system-out>
  </testcase> <!-- m2 -->
  <testcase classname="testing.One" name="m1" time="0.019">
    <system-out>
      <![CDATA[M1 is running]]>
    </system-out>
  </testcase> <!-- m1 -->
  <testcase classname="testing.One" name="m3" time="0.004">
    <system-out>
      <![CDATA[M3 is running]]>
    </system-out>
  </testcase> <!-- m3 -->
  <system-out>
    <![CDATA[M1 is running
M3 is running
M2 is running]]>
  </system-out>
</testsuite> <!-- testing.One -->
